<?xml version="1.0" encoding="UTF-8"?>
<!-- Generated by org.testng.reporters.JUnitReportReporter -->
<testsuite skipped="0" hostname="ImransDell" name="com.example.instagram.Instagram" tests="1" failures="0" timestamp="2023-11-10T15:26:44 IST" time="29.713" errors="0">
  <testcase name="uploadImageOnInstagram" time="29.713" classname="com.example.instagram.Instagram"/>
  <system-out/>
</testsuite> <!-- com.example.instagram.Instagram -->
